  Autobuz.C
D:\Uni\Programming\Visual Studio\Grafica\Autobuz\Debug\Autobuz.C(22,46): warning C4305: 'initializing': truncation from 'double' to 'GLfloat'
D:\Uni\Programming\Visual Studio\Grafica\Autobuz\Debug\Autobuz.C(23,52): warning C4305: 'initializing': truncation from 'double' to 'GLfloat'
D:\Uni\Programming\Visual Studio\Grafica\Autobuz\Debug\Autobuz.C(24,46): warning C4305: 'initializing': truncation from 'double' to 'GLfloat'
D:\Uni\Programming\Visual Studio\Grafica\Autobuz\Debug\Autobuz.C(29,47): warning C4305: 'initializing': truncation from 'double' to 'GLfloat'
D:\Uni\Programming\Visual Studio\Grafica\Autobuz\Debug\Autobuz.C(99,21): warning C4305: 'function': truncation from 'double' to 'GLclampf'
D:\Uni\Programming\Visual Studio\Grafica\Autobuz\Debug\Autobuz.C(99,26): warning C4305: 'function': truncation from 'double' to 'GLclampf'
D:\Uni\Programming\Visual Studio\Grafica\Autobuz\Debug\Autobuz.C(99,31): warning C4305: 'function': truncation from 'double' to 'GLclampf'
D:\Uni\Programming\Visual Studio\Grafica\Autobuz\Debug\Autobuz.C(81,1): warning C4305: 'initializing': truncation from 'double' to 'GLfloat'
D:\Uni\Programming\Visual Studio\Grafica\Autobuz\Debug\Autobuz.C(224,31): warning C4305: 'function': truncation from 'double' to 'GLfloat'
D:\Uni\Programming\Visual Studio\Grafica\Autobuz\Debug\Autobuz.C(242,29): warning C4305: 'function': truncation from 'double' to 'GLfloat'
D:\Uni\Programming\Visual Studio\Grafica\Autobuz\Debug\Autobuz.C(242,34): warning C4305: 'function': truncation from 'double' to 'GLfloat'
D:\Uni\Programming\Visual Studio\Grafica\Autobuz\Debug\Autobuz.C(242,39): warning C4305: 'function': truncation from 'double' to 'GLfloat'
D:\Uni\Programming\Visual Studio\Grafica\Autobuz\Debug\Autobuz.C(250,29): warning C4305: 'function': truncation from 'double' to 'GLfloat'
D:\Uni\Programming\Visual Studio\Grafica\Autobuz\Debug\Autobuz.C(250,34): warning C4305: 'function': truncation from 'double' to 'GLfloat'
D:\Uni\Programming\Visual Studio\Grafica\Autobuz\Debug\Autobuz.C(250,39): warning C4305: 'function': truncation from 'double' to 'GLfloat'
D:\Uni\Programming\Visual Studio\Grafica\Autobuz\Debug\Autobuz.C(252,23): warning C4305: 'function': truncation from 'double' to 'GLfloat'
D:\Uni\Programming\Visual Studio\Grafica\Autobuz\Debug\Autobuz.C(282,32): warning C4305: 'function': truncation from 'double' to 'GLfloat'
D:\Uni\Programming\Visual Studio\Grafica\Autobuz\Debug\Autobuz.C(306,32): warning C4305: 'function': truncation from 'double' to 'GLfloat'
D:\Uni\Programming\Visual Studio\Grafica\Autobuz\Debug\Autobuz.C(330,29): warning C4305: 'function': truncation from 'double' to 'GLfloat'
D:\Uni\Programming\Visual Studio\Grafica\Autobuz\Debug\Autobuz.C(330,34): warning C4305: 'function': truncation from 'double' to 'GLfloat'
D:\Uni\Programming\Visual Studio\Grafica\Autobuz\Debug\Autobuz.C(330,39): warning C4305: 'function': truncation from 'double' to 'GLfloat'
D:\Uni\Programming\Visual Studio\Grafica\Autobuz\Debug\Autobuz.C(341,29): warning C4305: 'function': truncation from 'double' to 'GLfloat'
D:\Uni\Programming\Visual Studio\Grafica\Autobuz\Debug\Autobuz.C(341,34): warning C4305: 'function': truncation from 'double' to 'GLfloat'
D:\Uni\Programming\Visual Studio\Grafica\Autobuz\Debug\Autobuz.C(341,39): warning C4305: 'function': truncation from 'double' to 'GLfloat'
D:\Uni\Programming\Visual Studio\Grafica\Autobuz\Debug\Autobuz.C(344,22): warning C4305: 'function': truncation from 'double' to 'GLfloat'
D:\Uni\Programming\Visual Studio\Grafica\Autobuz\Debug\Autobuz.C(344,33): warning C4305: 'function': truncation from 'double' to 'GLfloat'
D:\Uni\Programming\Visual Studio\Grafica\Autobuz\Debug\Autobuz.C(345,22): warning C4305: 'function': truncation from 'double' to 'GLfloat'
D:\Uni\Programming\Visual Studio\Grafica\Autobuz\Debug\Autobuz.C(345,34): warning C4305: 'function': truncation from 'double' to 'GLfloat'
D:\Uni\Programming\Visual Studio\Grafica\Autobuz\Debug\Autobuz.C(350,21): warning C4305: 'function': truncation from 'double' to 'GLfloat'
D:\Uni\Programming\Visual Studio\Grafica\Autobuz\Debug\Autobuz.C(350,32): warning C4305: 'function': truncation from 'double' to 'GLfloat'
D:\Uni\Programming\Visual Studio\Grafica\Autobuz\Debug\Autobuz.C(351,22): warning C4305: 'function': truncation from 'double' to 'GLfloat'
D:\Uni\Programming\Visual Studio\Grafica\Autobuz\Debug\Autobuz.C(351,33): warning C4305: 'function': truncation from 'double' to 'GLfloat'
D:\Uni\Programming\Visual Studio\Grafica\Autobuz\Debug\Autobuz.C(356,31): warning C4305: 'function': truncation from 'double' to 'GLfloat'
D:\Uni\Programming\Visual Studio\Grafica\Autobuz\Debug\Autobuz.C(357,21): warning C4305: 'function': truncation from 'double' to 'GLfloat'
D:\Uni\Programming\Visual Studio\Grafica\Autobuz\Debug\Autobuz.C(357,33): warning C4305: 'function': truncation from 'double' to 'GLfloat'
D:\Uni\Programming\Visual Studio\Grafica\Autobuz\Debug\Autobuz.C(358,21): warning C4305: 'function': truncation from 'double' to 'GLfloat'
D:\Uni\Programming\Visual Studio\Grafica\Autobuz\Debug\Autobuz.C(361,22): warning C4305: 'function': truncation from 'double' to 'GLfloat'
D:\Uni\Programming\Visual Studio\Grafica\Autobuz\Debug\Autobuz.C(361,34): warning C4305: 'function': truncation from 'double' to 'GLfloat'
D:\Uni\Programming\Visual Studio\Grafica\Autobuz\Debug\Autobuz.C(362,21): warning C4305: 'function': truncation from 'double' to 'GLfloat'
D:\Uni\Programming\Visual Studio\Grafica\Autobuz\Debug\Autobuz.C(362,33): warning C4305: 'function': truncation from 'double' to 'GLfloat'
D:\Uni\Programming\Visual Studio\Grafica\Autobuz\Debug\Autobuz.C(367,21): warning C4305: 'function': truncation from 'double' to 'GLfloat'
D:\Uni\Programming\Visual Studio\Grafica\Autobuz\Debug\Autobuz.C(367,33): warning C4305: 'function': truncation from 'double' to 'GLfloat'
D:\Uni\Programming\Visual Studio\Grafica\Autobuz\Debug\Autobuz.C(368,21): warning C4305: 'function': truncation from 'double' to 'GLfloat'
D:\Uni\Programming\Visual Studio\Grafica\Autobuz\Debug\Autobuz.C(368,32): warning C4305: 'function': truncation from 'double' to 'GLfloat'
D:\Uni\Programming\Visual Studio\Grafica\Autobuz\Debug\Autobuz.C(376,29): warning C4305: 'function': truncation from 'double' to 'GLfloat'
D:\Uni\Programming\Visual Studio\Grafica\Autobuz\Debug\Autobuz.C(376,34): warning C4305: 'function': truncation from 'double' to 'GLfloat'
D:\Uni\Programming\Visual Studio\Grafica\Autobuz\Debug\Autobuz.C(376,39): warning C4305: 'function': truncation from 'double' to 'GLfloat'
D:\Uni\Programming\Visual Studio\Grafica\Autobuz\Debug\Autobuz.C(382,29): warning C4305: 'function': truncation from 'double' to 'GLfloat'
D:\Uni\Programming\Visual Studio\Grafica\Autobuz\Debug\Autobuz.C(382,34): warning C4305: 'function': truncation from 'double' to 'GLfloat'
D:\Uni\Programming\Visual Studio\Grafica\Autobuz\Debug\Autobuz.C(382,39): warning C4305: 'function': truncation from 'double' to 'GLfloat'
D:\Uni\Programming\Visual Studio\Grafica\Autobuz\Debug\Autobuz.C(388,34): warning C4305: 'function': truncation from 'double' to 'GLfloat'
D:\Uni\Programming\Visual Studio\Grafica\Autobuz\Debug\Autobuz.C(390,54): warning C4305: 'function': truncation from 'double' to 'GLfloat'
D:\Uni\Programming\Visual Studio\Grafica\Autobuz\Debug\Autobuz.C(394,54): warning C4305: 'function': truncation from 'double' to 'GLfloat'
D:\Uni\Programming\Visual Studio\Grafica\Autobuz\Debug\Autobuz.C(402,29): warning C4305: 'function': truncation from 'double' to 'GLfloat'
D:\Uni\Programming\Visual Studio\Grafica\Autobuz\Debug\Autobuz.C(402,34): warning C4305: 'function': truncation from 'double' to 'GLfloat'
D:\Uni\Programming\Visual Studio\Grafica\Autobuz\Debug\Autobuz.C(402,39): warning C4305: 'function': truncation from 'double' to 'GLfloat'
D:\Uni\Programming\Visual Studio\Grafica\Autobuz\Debug\Autobuz.C(408,29): warning C4305: 'function': truncation from 'double' to 'GLfloat'
D:\Uni\Programming\Visual Studio\Grafica\Autobuz\Debug\Autobuz.C(408,34): warning C4305: 'function': truncation from 'double' to 'GLfloat'
D:\Uni\Programming\Visual Studio\Grafica\Autobuz\Debug\Autobuz.C(408,39): warning C4305: 'function': truncation from 'double' to 'GLfloat'
D:\Uni\Programming\Visual Studio\Grafica\Autobuz\Debug\Autobuz.C(414,33): warning C4305: 'function': truncation from 'double' to 'GLfloat'
D:\Uni\Programming\Visual Studio\Grafica\Autobuz\Debug\Autobuz.C(416,53): warning C4305: 'function': truncation from 'double' to 'GLfloat'
D:\Uni\Programming\Visual Studio\Grafica\Autobuz\Debug\Autobuz.C(420,53): warning C4305: 'function': truncation from 'double' to 'GLfloat'
D:\Uni\Programming\Visual Studio\Grafica\Autobuz\Debug\Autobuz.C(430,29): warning C4305: 'function': truncation from 'double' to 'GLfloat'
D:\Uni\Programming\Visual Studio\Grafica\Autobuz\Debug\Autobuz.C(430,34): warning C4305: 'function': truncation from 'double' to 'GLfloat'
D:\Uni\Programming\Visual Studio\Grafica\Autobuz\Debug\Autobuz.C(430,39): warning C4305: 'function': truncation from 'double' to 'GLfloat'
D:\Uni\Programming\Visual Studio\Grafica\Autobuz\Debug\Autobuz.C(436,29): warning C4305: 'function': truncation from 'double' to 'GLfloat'
D:\Uni\Programming\Visual Studio\Grafica\Autobuz\Debug\Autobuz.C(436,34): warning C4305: 'function': truncation from 'double' to 'GLfloat'
D:\Uni\Programming\Visual Studio\Grafica\Autobuz\Debug\Autobuz.C(436,39): warning C4305: 'function': truncation from 'double' to 'GLfloat'
D:\Uni\Programming\Visual Studio\Grafica\Autobuz\Debug\Autobuz.C(442,33): warning C4305: 'function': truncation from 'double' to 'GLfloat'
D:\Uni\Programming\Visual Studio\Grafica\Autobuz\Debug\Autobuz.C(444,53): warning C4305: 'function': truncation from 'double' to 'GLfloat'
D:\Uni\Programming\Visual Studio\Grafica\Autobuz\Debug\Autobuz.C(448,53): warning C4305: 'function': truncation from 'double' to 'GLfloat'
D:\Uni\Programming\Visual Studio\Grafica\Autobuz\Debug\Autobuz.C(456,29): warning C4305: 'function': truncation from 'double' to 'GLfloat'
D:\Uni\Programming\Visual Studio\Grafica\Autobuz\Debug\Autobuz.C(456,34): warning C4305: 'function': truncation from 'double' to 'GLfloat'
D:\Uni\Programming\Visual Studio\Grafica\Autobuz\Debug\Autobuz.C(456,39): warning C4305: 'function': truncation from 'double' to 'GLfloat'
D:\Uni\Programming\Visual Studio\Grafica\Autobuz\Debug\Autobuz.C(462,29): warning C4305: 'function': truncation from 'double' to 'GLfloat'
D:\Uni\Programming\Visual Studio\Grafica\Autobuz\Debug\Autobuz.C(462,34): warning C4305: 'function': truncation from 'double' to 'GLfloat'
D:\Uni\Programming\Visual Studio\Grafica\Autobuz\Debug\Autobuz.C(462,39): warning C4305: 'function': truncation from 'double' to 'GLfloat'
D:\Uni\Programming\Visual Studio\Grafica\Autobuz\Debug\Autobuz.C(468,34): warning C4305: 'function': truncation from 'double' to 'GLfloat'
D:\Uni\Programming\Visual Studio\Grafica\Autobuz\Debug\Autobuz.C(470,54): warning C4305: 'function': truncation from 'double' to 'GLfloat'
D:\Uni\Programming\Visual Studio\Grafica\Autobuz\Debug\Autobuz.C(474,54): warning C4305: 'function': truncation from 'double' to 'GLfloat'
D:\Uni\Programming\Visual Studio\Grafica\Autobuz\Debug\Autobuz.C(486,30): warning C4305: 'function': truncation from 'double' to 'GLfloat'
D:\Uni\Programming\Visual Studio\Grafica\Autobuz\Debug\Autobuz.C(486,36): warning C4305: 'function': truncation from 'double' to 'GLfloat'
D:\Uni\Programming\Visual Studio\Grafica\Autobuz\Debug\Autobuz.C(486,42): warning C4305: 'function': truncation from 'double' to 'GLfloat'
D:\Uni\Programming\Visual Studio\Grafica\Autobuz\Debug\Autobuz.C(489,22): warning C4305: 'function': truncation from 'double' to 'GLfloat'
D:\Uni\Programming\Visual Studio\Grafica\Autobuz\Debug\Autobuz.C(490,22): warning C4305: 'function': truncation from 'double' to 'GLfloat'
D:\Uni\Programming\Visual Studio\Grafica\Autobuz\Debug\Autobuz.C(495,22): warning C4305: 'function': truncation from 'double' to 'GLfloat'
D:\Uni\Programming\Visual Studio\Grafica\Autobuz\Debug\Autobuz.C(497,26): warning C4305: 'function': truncation from 'double' to 'GLfloat'
D:\Uni\Programming\Visual Studio\Grafica\Autobuz\Debug\Autobuz.C(503,30): warning C4305: 'function': truncation from 'double' to 'GLfloat'
D:\Uni\Programming\Visual Studio\Grafica\Autobuz\Debug\Autobuz.C(503,36): warning C4305: 'function': truncation from 'double' to 'GLfloat'
D:\Uni\Programming\Visual Studio\Grafica\Autobuz\Debug\Autobuz.C(503,42): warning C4305: 'function': truncation from 'double' to 'GLfloat'
D:\Uni\Programming\Visual Studio\Grafica\Autobuz\Debug\Autobuz.C(506,21): warning C4305: 'function': truncation from 'double' to 'GLfloat'
D:\Uni\Programming\Visual Studio\Grafica\Autobuz\Debug\Autobuz.C(507,21): warning C4305: 'function': truncation from 'double' to 'GLfloat'
D:\Uni\Programming\Visual Studio\Grafica\Autobuz\Debug\Autobuz.C(512,21): warning C4305: 'function': truncation from 'double' to 'GLfloat'
D:\Uni\Programming\Visual Studio\Grafica\Autobuz\Debug\Autobuz.C(514,25): warning C4305: 'function': truncation from 'double' to 'GLfloat'
D:\Uni\Programming\Visual Studio\Grafica\Autobuz\Debug\Autobuz.C(520,30): warning C4305: 'function': truncation from 'double' to 'GLfloat'
D:\Uni\Programming\Visual Studio\Grafica\Autobuz\Debug\Autobuz.C(520,36): warning C4305: 'function': truncation from 'double' to 'GLfloat'
D:\Uni\Programming\Visual Studio\Grafica\Autobuz\Debug\Autobuz.C(520,42): warning C4305: 'function': truncation from 'double' to 'GLfloat'
D:\Uni\Programming\Visual Studio\Grafica\Autobuz\Debug\Autobuz.C(523,31): warning C4305: 'function': truncation from 'double' to 'GLfloat'
D:\Uni\Programming\Visual Studio\Grafica\Autobuz\Debug\Autobuz.C(524,31): warning C4305: 'function': truncation from 'double' to 'GLfloat'
D:\Uni\Programming\Visual Studio\Grafica\Autobuz\Debug\Autobuz.C(526,29): warning C4305: 'function': truncation from 'double' to 'GLfloat'
D:\Uni\Programming\Visual Studio\Grafica\Autobuz\Debug\Autobuz.C(526,34): warning C4305: 'function': truncation from 'double' to 'GLfloat'
D:\Uni\Programming\Visual Studio\Grafica\Autobuz\Debug\Autobuz.C(526,39): warning C4305: 'function': truncation from 'double' to 'GLfloat'
D:\Uni\Programming\Visual Studio\Grafica\Autobuz\Debug\Autobuz.C(529,30): warning C4305: 'function': truncation from 'double' to 'GLfloat'
D:\Uni\Programming\Visual Studio\Grafica\Autobuz\Debug\Autobuz.C(530,30): warning C4305: 'function': truncation from 'double' to 'GLfloat'
D:\Uni\Programming\Visual Studio\Grafica\Autobuz\Debug\Autobuz.C(534,30): warning C4305: 'function': truncation from 'double' to 'GLfloat'
D:\Uni\Programming\Visual Studio\Grafica\Autobuz\Debug\Autobuz.C(534,36): warning C4305: 'function': truncation from 'double' to 'GLfloat'
D:\Uni\Programming\Visual Studio\Grafica\Autobuz\Debug\Autobuz.C(534,42): warning C4305: 'function': truncation from 'double' to 'GLfloat'
D:\Uni\Programming\Visual Studio\Grafica\Autobuz\Debug\Autobuz.C(537,30): warning C4305: 'function': truncation from 'double' to 'GLfloat'
D:\Uni\Programming\Visual Studio\Grafica\Autobuz\Debug\Autobuz.C(538,30): warning C4305: 'function': truncation from 'double' to 'GLfloat'
D:\Uni\Programming\Visual Studio\Grafica\Autobuz\Debug\Autobuz.C(539,30): warning C4305: 'function': truncation from 'double' to 'GLfloat'
D:\Uni\Programming\Visual Studio\Grafica\Autobuz\Debug\Autobuz.C(540,30): warning C4305: 'function': truncation from 'double' to 'GLfloat'
D:\Uni\Programming\Visual Studio\Grafica\Autobuz\Debug\Autobuz.C(542,33): warning C4305: 'function': truncation from 'double' to 'GLfloat'
D:\Uni\Programming\Visual Studio\Grafica\Autobuz\Debug\Autobuz.C(543,32): warning C4305: 'function': truncation from 'double' to 'GLfloat'
D:\Uni\Programming\Visual Studio\Grafica\Autobuz\Debug\Autobuz.C(550,33): warning C4305: 'function': truncation from 'double' to 'GLfloat'
D:\Uni\Programming\Visual Studio\Grafica\Autobuz\Debug\Autobuz.C(550,38): warning C4305: 'function': truncation from 'double' to 'GLfloat'
D:\Uni\Programming\Visual Studio\Grafica\Autobuz\Debug\Autobuz.C(550,43): warning C4305: 'function': truncation from 'double' to 'GLfloat'
D:\Uni\Programming\Visual Studio\Grafica\Autobuz\Debug\Autobuz.C(553,38): warning C4305: 'function': truncation from 'double' to 'GLfloat'
D:\Uni\Programming\Visual Studio\Grafica\Autobuz\Debug\Autobuz.C(554,38): warning C4305: 'function': truncation from 'double' to 'GLfloat'
D:\Uni\Programming\Visual Studio\Grafica\Autobuz\Debug\Autobuz.C(559,34): warning C4305: 'function': truncation from 'double' to 'GLfloat'
D:\Uni\Programming\Visual Studio\Grafica\Autobuz\Debug\Autobuz.C(559,40): warning C4305: 'function': truncation from 'double' to 'GLfloat'
D:\Uni\Programming\Visual Studio\Grafica\Autobuz\Debug\Autobuz.C(559,46): warning C4305: 'function': truncation from 'double' to 'GLfloat'
D:\Uni\Programming\Visual Studio\Grafica\Autobuz\Debug\Autobuz.C(562,38): warning C4305: 'function': truncation from 'double' to 'GLfloat'
D:\Uni\Programming\Visual Studio\Grafica\Autobuz\Debug\Autobuz.C(563,38): warning C4305: 'function': truncation from 'double' to 'GLfloat'
D:\Uni\Programming\Visual Studio\Grafica\Autobuz\Debug\Autobuz.C(564,38): warning C4305: 'function': truncation from 'double' to 'GLfloat'
D:\Uni\Programming\Visual Studio\Grafica\Autobuz\Debug\Autobuz.C(565,38): warning C4305: 'function': truncation from 'double' to 'GLfloat'
D:\Uni\Programming\Visual Studio\Grafica\Autobuz\Debug\Autobuz.C(567,38): warning C4305: 'function': truncation from 'double' to 'GLfloat'
D:\Uni\Programming\Visual Studio\Grafica\Autobuz\Debug\Autobuz.C(568,38): warning C4305: 'function': truncation from 'double' to 'GLfloat'
D:\Uni\Programming\Visual Studio\Grafica\Autobuz\Debug\Autobuz.C(570,40): warning C4305: 'function': truncation from 'double' to 'GLfloat'
D:\Uni\Programming\Visual Studio\Grafica\Autobuz\Debug\Autobuz.C(571,40): warning C4305: 'function': truncation from 'double' to 'GLfloat'
D:\Uni\Programming\Visual Studio\Grafica\Autobuz\Debug\Autobuz.C(577,33): warning C4305: 'function': truncation from 'double' to 'GLfloat'
D:\Uni\Programming\Visual Studio\Grafica\Autobuz\Debug\Autobuz.C(577,38): warning C4305: 'function': truncation from 'double' to 'GLfloat'
D:\Uni\Programming\Visual Studio\Grafica\Autobuz\Debug\Autobuz.C(577,43): warning C4305: 'function': truncation from 'double' to 'GLfloat'
D:\Uni\Programming\Visual Studio\Grafica\Autobuz\Debug\Autobuz.C(580,37): warning C4305: 'function': truncation from 'double' to 'GLfloat'
D:\Uni\Programming\Visual Studio\Grafica\Autobuz\Debug\Autobuz.C(581,37): warning C4305: 'function': truncation from 'double' to 'GLfloat'
D:\Uni\Programming\Visual Studio\Grafica\Autobuz\Debug\Autobuz.C(586,34): warning C4305: 'function': truncation from 'double' to 'GLfloat'
D:\Uni\Programming\Visual Studio\Grafica\Autobuz\Debug\Autobuz.C(586,40): warning C4305: 'function': truncation from 'double' to 'GLfloat'
D:\Uni\Programming\Visual Studio\Grafica\Autobuz\Debug\Autobuz.C(586,46): warning C4305: 'function': truncation from 'double' to 'GLfloat'
D:\Uni\Programming\Visual Studio\Grafica\Autobuz\Debug\Autobuz.C(589,37): warning C4305: 'function': truncation from 'double' to 'GLfloat'
D:\Uni\Programming\Visual Studio\Grafica\Autobuz\Debug\Autobuz.C(590,37): warning C4305: 'function': truncation from 'double' to 'GLfloat'
D:\Uni\Programming\Visual Studio\Grafica\Autobuz\Debug\Autobuz.C(591,37): warning C4305: 'function': truncation from 'double' to 'GLfloat'
D:\Uni\Programming\Visual Studio\Grafica\Autobuz\Debug\Autobuz.C(592,37): warning C4305: 'function': truncation from 'double' to 'GLfloat'
D:\Uni\Programming\Visual Studio\Grafica\Autobuz\Debug\Autobuz.C(594,37): warning C4305: 'function': truncation from 'double' to 'GLfloat'
D:\Uni\Programming\Visual Studio\Grafica\Autobuz\Debug\Autobuz.C(595,37): warning C4305: 'function': truncation from 'double' to 'GLfloat'
D:\Uni\Programming\Visual Studio\Grafica\Autobuz\Debug\Autobuz.C(597,39): warning C4305: 'function': truncation from 'double' to 'GLfloat'
D:\Uni\Programming\Visual Studio\Grafica\Autobuz\Debug\Autobuz.C(598,39): warning C4305: 'function': truncation from 'double' to 'GLfloat'
D:\Uni\Programming\Visual Studio\Grafica\Autobuz\Debug\Autobuz.C(605,29): warning C4305: 'function': truncation from 'double' to 'GLfloat'
D:\Uni\Programming\Visual Studio\Grafica\Autobuz\Debug\Autobuz.C(605,34): warning C4305: 'function': truncation from 'double' to 'GLfloat'
D:\Uni\Programming\Visual Studio\Grafica\Autobuz\Debug\Autobuz.C(605,39): warning C4305: 'function': truncation from 'double' to 'GLfloat'
D:\Uni\Programming\Visual Studio\Grafica\Autobuz\Debug\Autobuz.C(619,32): warning C4305: 'function': truncation from 'double' to 'GLfloat'
D:\Uni\Programming\Visual Studio\Grafica\Autobuz\Debug\Autobuz.C(619,37): warning C4305: 'function': truncation from 'double' to 'GLfloat'
D:\Uni\Programming\Visual Studio\Grafica\Autobuz\Debug\Autobuz.C(622,32): warning C4305: 'function': truncation from 'double' to 'GLfloat'
D:\Uni\Programming\Visual Studio\Grafica\Autobuz\Debug\Autobuz.C(627,32): warning C4305: 'function': truncation from 'double' to 'GLfloat'
D:\Uni\Programming\Visual Studio\Grafica\Autobuz\Debug\Autobuz.C(627,37): warning C4305: 'function': truncation from 'double' to 'GLfloat'
D:\Uni\Programming\Visual Studio\Grafica\Autobuz\Debug\Autobuz.C(633,32): warning C4305: 'function': truncation from 'double' to 'GLfloat'
D:\Uni\Programming\Visual Studio\Grafica\Autobuz\Debug\Autobuz.C(633,37): warning C4305: 'function': truncation from 'double' to 'GLfloat'
D:\Uni\Programming\Visual Studio\Grafica\Autobuz\Debug\Autobuz.C(650,18): warning C4305: 'function': truncation from 'double' to 'GLfloat'
D:\Uni\Programming\Visual Studio\Grafica\Autobuz\Debug\Autobuz.C(650,26): warning C4305: 'function': truncation from 'double' to 'GLfloat'
D:\Uni\Programming\Visual Studio\Grafica\Autobuz\Debug\Autobuz.C(651,27): warning C4305: 'function': truncation from 'double' to 'GLfloat'
D:\Uni\Programming\Visual Studio\Grafica\Autobuz\Debug\Autobuz.C(652,28): warning C4305: 'function': truncation from 'double' to 'GLfloat'
D:\Uni\Programming\Visual Studio\Grafica\Autobuz\Debug\Autobuz.C(653,28): warning C4305: 'function': truncation from 'double' to 'GLfloat'
D:\Uni\Programming\Visual Studio\Grafica\Autobuz\Debug\Autobuz.C(654,27): warning C4305: 'function': truncation from 'double' to 'GLfloat'
D:\Uni\Programming\Visual Studio\Grafica\Autobuz\Debug\Autobuz.C(691,18): warning C4305: 'function': truncation from 'double' to 'GLfloat'
D:\Uni\Programming\Visual Studio\Grafica\Autobuz\Debug\Autobuz.C(691,23): warning C4305: 'function': truncation from 'double' to 'GLfloat'
D:\Uni\Programming\Visual Studio\Grafica\Autobuz\Debug\Autobuz.C(691,28): warning C4305: 'function': truncation from 'double' to 'GLfloat'
D:\Uni\Programming\Visual Studio\Grafica\Autobuz\Debug\Autobuz.C(732,29): warning C4133: 'function': incompatible types - from 'char [8]' to 'LPCWSTR'
  Autobuz.vcxproj -> D:\Uni\Programming\Visual Studio\Grafica\Autobuz\Debug\Autobuz.exe
